[    1558ms] [ERROR] Refused to apply style from 'http://localhost:3000/_next/static/css/app/layout.css?v=1783399035710' because its MIME type ('text/plain') is not a supported stylesheet MIME type, and strict MIME checking is enabled. @ http://localhost:3000/vi-tri:0
[    1635ms] [ERROR] Failed to load resource: the server responded with a status of 404 (Not Found) @ http://localhost:3000/_next/static/chunks/main-app.js?v=1783399035710:0
[    1635ms] [ERROR] Refused to execute script from 'http://localhost:3000/_next/static/chunks/main-app.js?v=1783399035710' because its MIME type ('text/plain') is not executable, and strict MIME type checking is enabled. @ http://localhost:3000/vi-tri:0
[    1635ms] [ERROR] Failed to load resource: the server responded with a status of 404 (Not Found) @ http://localhost:3000/_next/static/chunks/app-pages-internals.js:0
[    1635ms] [ERROR] Refused to execute script from 'http://localhost:3000/_next/static/chunks/app-pages-internals.js' because its MIME type ('text/plain') is not executable, and strict MIME type checking is enabled. @ http://localhost:3000/vi-tri:0
[    1635ms] [ERROR] Failed to load resource: the server responded with a status of 404 (Not Found) @ http://localhost:3000/_next/static/chunks/app/layout.js:0
[    1635ms] [ERROR] Refused to execute script from 'http://localhost:3000/_next/static/chunks/app/layout.js' because its MIME type ('text/plain') is not executable, and strict MIME type checking is enabled. @ http://localhost:3000/vi-tri:0
[    1635ms] [ERROR] Failed to load resource: the server responded with a status of 404 (Not Found) @ http://localhost:3000/_next/static/chunks/app/not-found.js:0
[    1636ms] [ERROR] Refused to execute script from 'http://localhost:3000/_next/static/chunks/app/not-found.js' because its MIME type ('text/plain') is not executable, and strict MIME type checking is enabled. @ http://localhost:3000/vi-tri:0
[    1636ms] [ERROR] Failed to load resource: the server responded with a status of 404 (Not Found) @ http://localhost:3000/_next/static/chunks/app/(dashboard)/page.js:0
[    1636ms] [ERROR] Refused to execute script from 'http://localhost:3000/_next/static/chunks/app/(dashboard)/page.js' because its MIME type ('text/plain') is not executable, and strict MIME type checking is enabled. @ http://localhost:3000/vi-tri:0
[    1636ms] [ERROR] Failed to load resource: the server responded with a status of 404 (Not Found) @ http://localhost:3000/_next/static/chunks/app/(dashboard)/error.js:0
[    1636ms] [ERROR] Refused to execute script from 'http://localhost:3000/_next/static/chunks/app/(dashboard)/error.js' because its MIME type ('text/plain') is not executable, and strict MIME type checking is enabled. @ http://localhost:3000/vi-tri:0
[    1636ms] [ERROR] Failed to load resource: the server responded with a status of 404 (Not Found) @ http://localhost:3000/_next/static/chunks/app/(dashboard)/layout.js:0
[    1636ms] [ERROR] Refused to execute script from 'http://localhost:3000/_next/static/chunks/app/(dashboard)/layout.js' because its MIME type ('text/plain') is not executable, and strict MIME type checking is enabled. @ http://localhost:3000/vi-tri:0
[    1662ms] [ERROR] Failed to load resource: the server responded with a status of 404 (Not Found) @ http://localhost:3000/_next/static/chunks/app/(dashboard)/vi-tri/page.js:0
[    1662ms] [ERROR] Refused to execute script from 'http://localhost:3000/_next/static/chunks/app/(dashboard)/vi-tri/page.js' because its MIME type ('text/plain') is not executable, and strict MIME type checking is enabled. @ http://localhost:3000/vi-tri:0
[   52815ms] [ERROR] Refused to apply style from 'http://localhost:3000/_next/static/css/app/layout.css?v=1783399087444' because its MIME type ('text/plain') is not a supported stylesheet MIME type, and strict MIME checking is enabled. @ http://localhost:3000/vi-tri:0
[   52837ms] [ERROR] Failed to load resource: the server responded with a status of 404 (Not Found) @ http://localhost:3000/_next/static/chunks/main-app.js?v=1783399087444:0
[   52837ms] [ERROR] Refused to execute script from 'http://localhost:3000/_next/static/chunks/main-app.js?v=1783399087444' because its MIME type ('text/plain') is not executable, and strict MIME type checking is enabled. @ http://localhost:3000/vi-tri:0
[   52841ms] [ERROR] Failed to load resource: the server responded with a status of 404 (Not Found) @ http://localhost:3000/_next/static/chunks/app-pages-internals.js:0
[   52841ms] [ERROR] Refused to execute script from 'http://localhost:3000/_next/static/chunks/app-pages-internals.js' because its MIME type ('text/plain') is not executable, and strict MIME type checking is enabled. @ http://localhost:3000/vi-tri:0
[   52844ms] [ERROR] Failed to load resource: the server responded with a status of 404 (Not Found) @ http://localhost:3000/_next/static/chunks/app/layout.js:0
[   52844ms] [ERROR] Refused to execute script from 'http://localhost:3000/_next/static/chunks/app/layout.js' because its MIME type ('text/plain') is not executable, and strict MIME type checking is enabled. @ http://localhost:3000/vi-tri:0
[   52860ms] [ERROR] Failed to load resource: the server responded with a status of 404 (Not Found) @ http://localhost:3000/_next/static/chunks/app/not-found.js:0
[   52860ms] [ERROR] Refused to execute script from 'http://localhost:3000/_next/static/chunks/app/not-found.js' because its MIME type ('text/plain') is not executable, and strict MIME type checking is enabled. @ http://localhost:3000/vi-tri:0
[   52878ms] [ERROR] Failed to load resource: the server responded with a status of 404 (Not Found) @ http://localhost:3000/_next/static/chunks/app/(dashboard)/page.js:0
[   52878ms] [ERROR] Refused to execute script from 'http://localhost:3000/_next/static/chunks/app/(dashboard)/page.js' because its MIME type ('text/plain') is not executable, and strict MIME type checking is enabled. @ http://localhost:3000/vi-tri:0
[   52881ms] [ERROR] Failed to load resource: the server responded with a status of 404 (Not Found) @ http://localhost:3000/_next/static/chunks/app/(dashboard)/error.js:0
[   52881ms] [ERROR] Refused to execute script from 'http://localhost:3000/_next/static/chunks/app/(dashboard)/error.js' because its MIME type ('text/plain') is not executable, and strict MIME type checking is enabled. @ http://localhost:3000/vi-tri:0
[   52887ms] [ERROR] Failed to load resource: the server responded with a status of 404 (Not Found) @ http://localhost:3000/_next/static/chunks/app/(dashboard)/layout.js:0
[   52887ms] [ERROR] Refused to execute script from 'http://localhost:3000/_next/static/chunks/app/(dashboard)/layout.js' because its MIME type ('text/plain') is not executable, and strict MIME type checking is enabled. @ http://localhost:3000/vi-tri:0
[   52908ms] [ERROR] Failed to load resource: the server responded with a status of 404 (Not Found) @ http://localhost:3000/_next/static/chunks/app/(dashboard)/vi-tri/page.js:0
[   52908ms] [ERROR] Refused to execute script from 'http://localhost:3000/_next/static/chunks/app/(dashboard)/vi-tri/page.js' because its MIME type ('text/plain') is not executable, and strict MIME type checking is enabled. @ http://localhost:3000/vi-tri:0
